deck.adb:3:04: warning: variable "aceSpades" is read but never assigned
deck.adb:3:28: warning: variable "twoSpades" is read but never assigned
deck.adb:3:52: warning: variable "threeSpades" is read but never assigned
deck.adb:4:04: warning: variable "fourSpades" is read but never assigned
deck.adb:4:28: warning: variable "fiveSpades" is read but never assigned
deck.adb:4:53: warning: variable "sixSpades" is read but never assigned
deck.adb:5:04: warning: variable "sevenSpades" is read but never assigned
deck.adb:5:30: warning: variable "eightSpades" is read but never assigned
deck.adb:5:56: warning: variable "nineSpades" is read but never assigned
deck.adb:6:04: warning: variable "tenSpades" is read but never assigned
deck.adb:6:28: warning: variable "jackSpades" is read but never assigned
deck.adb:6:53: warning: variable "queenSpades" is read but never assigned
deck.adb:7:04: warning: variable "kingSpades" is read but never assigned
deck.adb:9:04: warning: variable "aceClubs" is read but never assigned
deck.adb:9:27: warning: variable "twoClubs" is read but never assigned
deck.adb:9:50: warning: variable "threeClubs" is read but never assigned
deck.adb:10:04: warning: variable "fourClubs" is read but never assigned
deck.adb:10:28: warning: variable "fiveClubs" is read but never assigned
deck.adb:10:52: warning: variable "sixClubs" is read but never assigned
deck.adb:11:04: warning: variable "sevenClubs" is read but never assigned
deck.adb:11:29: warning: variable "eightClubs" is read but never assigned
deck.adb:11:54: warning: variable "nineClubs" is read but never assigned
deck.adb:12:04: warning: variable "tenClubs" is read but never assigned
deck.adb:12:27: warning: variable "jackClubs" is read but never assigned
deck.adb:12:51: warning: variable "queenClubs" is read but never assigned
deck.adb:13:04: warning: variable "kingClubs" is read but never assigned
deck.adb:15:04: warning: variable "aceHearts" is read but never assigned
deck.adb:15:28: warning: variable "twoHearts" is read but never assigned
deck.adb:15:52: warning: variable "threeHearts" is read but never assigned
deck.adb:16:04: warning: variable "fourHearts" is read but never assigned
deck.adb:16:29: warning: variable "fiveHearts" is read but never assigned
deck.adb:16:54: warning: variable "sixHearts" is read but never assigned
deck.adb:17:04: warning: variable "sevenHearts" is read but never assigned
deck.adb:17:30: warning: variable "eightHearts" is read but never assigned
deck.adb:17:56: warning: variable "nineHearts" is read but never assigned
deck.adb:18:04: warning: variable "tenHearts" is read but never assigned
deck.adb:18:28: warning: variable "jackHearts" is read but never assigned
deck.adb:18:53: warning: variable "queenHearts" is read but never assigned
deck.adb:19:04: warning: variable "kingHearts" is read but never assigned
deck.adb:21:04: warning: variable "aceDiamonds" is read but never assigned
deck.adb:21:29: warning: variable "twoDiamonds" is read but never assigned
deck.adb:21:54: warning: variable "threeDiamonds" is read but never assigned
deck.adb:22:04: warning: variable "fourDiamonds" is read but never assigned
deck.adb:22:30: warning: variable "fiveDiamonds" is read but never assigned
deck.adb:22:56: warning: variable "sixDiamonds" is read but never assigned
deck.adb:23:04: warning: variable "sevenDiamonds" is read but never assigned
deck.adb:23:31: warning: variable "eightDiamonds" is read but never assigned
deck.adb:24:04: warning: variable "nineDiamonds" is read but never assigned
deck.adb:24:30: warning: variable "tenDiamonds" is read but never assigned
deck.adb:24:55: warning: variable "jackDiamonds" is read but never assigned
deck.adb:25:04: warning: variable "queenDiamonds" is read but never assigned
deck.adb:25:31: warning: variable "kingDiamonds" is read but never assigned
